GAME;PLR1;PLR2;Bot1;Bot2;false;true;1443177436;true;86400000;5;100;ORIGINAL_A60_D70
PLR1|-->|settings your_bot PLR1
PLR1|-->|settings opponent_bot PLR2
PLR2|-->|settings your_bot PLR2
PLR2|-->|settings opponent_bot PLR1
PLR1|-->|setup_map super_regions 1 5 2 2 3 5 4 3 5 7 6 2
PLR1|-->|setup_map regions 1 1 2 1 3 1 4 1 5 1 6 1 7 1 8 1 9 1 10 2 11 2 12 2 13 2 14 3 15 3 16 3 17 3 18 3 19 3 20 3 21 4 22 4 23 4 24 4 25 4 26 4 27 5 28 5 29 5 30 5 31 5 32 5 33 5 34 5 35 5 36 5 37 5 38 5 39 6 40 6 41 6 42 6
PLR1|-->|setup_map neighbors 1 2,4,30 2 3,4,5 3 5,6,14 4 5,7 5 6,7,8 6 8 7 8,9 8 9 9 10 10 11,12 11 12,13 12 13,21 14 15,16 15 16,18,19 16 17 17 19,20,27,32,36 18 19,20,21 19 20 20 21,22,36 21 22,23,24 22 23,36 23 24,25,26,36 24 25 25 26 27 28,32,33 28 29,31,33,34 29 30,31 30 31,34,35 31 34 32 33,36,37 33 34,37,38 34 35 36 37 37 38 38 39 39 40,41 40 41,42 41 42
PLR2|-->|setup_map super_regions 1 5 2 2 3 5 4 3 5 7 6 2
PLR2|-->|setup_map regions 1 1 2 1 3 1 4 1 5 1 6 1 7 1 8 1 9 1 10 2 11 2 12 2 13 2 14 3 15 3 16 3 17 3 18 3 19 3 20 3 21 4 22 4 23 4 24 4 25 4 26 4 27 5 28 5 29 5 30 5 31 5 32 5 33 5 34 5 35 5 36 5 37 5 38 5 39 6 40 6 41 6 42 6
PLR2|-->|setup_map neighbors 1 2,4,30 2 3,4,5 3 5,6,14 4 5,7 5 6,7,8 6 8 7 8,9 8 9 9 10 10 11,12 11 12,13 12 13,21 14 15,16 15 16,18,19 16 17 17 19,20,27,32,36 18 19,20,21 19 20 20 21,22,36 21 22,23,24 22 23,36 23 24,25,26,36 24 25 25 26 27 28,32,33 28 29,31,33,34 29 30,31 30 31,34,35 31 34 32 33,36,37 33 34,37,38 34 35 36 37 37 38 38 39 39 40,41 40 41,42 41 42
PLR1|-->|pick_starting_regions 86400000 8 2 13 11 17 20 22 21 29 35 39 42
PLR1|<--|8 39 2 11 42 20 
PLR2|-->|pick_starting_regions 86400000 8 2 13 11 17 20 22 21 29 35 39 42
PLR2|<--|29 17 22 11 35 13 
PLR1|-->|settings starting_armies 5
PLR2|-->|settings starting_armies 5
PLR1|-->|update_map 1 neutral 2 2 PLR1 2 3 neutral 2 4 neutral 2 5 neutral 2 6 neutral 2 7 neutral 2 8 PLR1 2 9 neutral 2 10 neutral 2 11 neutral 2 12 neutral 2 13 neutral 2 14 neutral 2 15 neutral 2 16 neutral 2 17 PLR2 2 18 neutral 2 19 neutral 2 20 neutral 2 21 neutral 2 22 PLR2 2 23 neutral 2 24 neutral 2 25 neutral 2 26 neutral 2 27 neutral 2 28 neutral 2 29 PLR2 2 30 neutral 2 31 neutral 2 32 neutral 2 33 neutral 2 34 neutral 2 35 neutral 2 36 neutral 2 37 neutral 2 38 neutral 2 39 PLR1 2 40 neutral 2 41 neutral 2 42 neutral 2
PLR2|-->|update_map 1 neutral 2 2 PLR1 2 3 neutral 2 4 neutral 2 5 neutral 2 6 neutral 2 7 neutral 2 8 PLR1 2 9 neutral 2 10 neutral 2 11 neutral 2 12 neutral 2 13 neutral 2 14 neutral 2 15 neutral 2 16 neutral 2 17 PLR2 2 18 neutral 2 19 neutral 2 20 neutral 2 21 neutral 2 22 PLR2 2 23 neutral 2 24 neutral 2 25 neutral 2 26 neutral 2 27 neutral 2 28 neutral 2 29 PLR2 2 30 neutral 2 31 neutral 2 32 neutral 2 33 neutral 2 34 neutral 2 35 neutral 2 36 neutral 2 37 neutral 2 38 neutral 2 39 PLR1 2 40 neutral 2 41 neutral 2 42 neutral 2
PLR1|-->|opponent_moves
PLR2|-->|opponent_moves
#Engine:Round 1
PLR1|-->|go place_armies 86400000
PLR1|<--|PLR1 place_armies 2 1,PLR1 place_armies 2 1,PLR1 place_armies 2 1,PLR1 place_armies 8 1,PLR1 place_armies 39 1,
PLR2|-->|go place_armies 86400000
PLR2|<--|PLR2 place_armies 22 1,PLR2 place_armies 22 1,PLR2 place_armies 29 1,PLR2 place_armies 22 1,PLR2 place_armies 29 1,
PLR1|-->|go attack/transfer 86400000
PLR1|<--|PLR1 attack/transfer 2 3 1,PLR1 attack/transfer 8 6 1,PLR1 attack/transfer 39 41 1,
PLR2|-->|go attack/transfer 86400000
PLR2|<--|No moves
PLR1|-->|settings starting_armies 5
PLR2|-->|settings starting_armies 5
PLR1|-->|update_map 1 neutral 2 2 PLR1 4 3 neutral 1 4 neutral 2 5 neutral 2 6 neutral 1 7 neutral 2 8 PLR1 2 9 neutral 2 10 neutral 2 11 neutral 2 12 neutral 2 13 neutral 2 14 neutral 2 15 neutral 2 16 neutral 2 17 PLR2 2 18 neutral 2 19 neutral 2 20 neutral 2 21 neutral 2 22 PLR2 5 23 neutral 2 24 neutral 2 25 neutral 2 26 neutral 2 27 neutral 2 28 neutral 2 29 PLR2 4 30 neutral 2 31 neutral 2 32 neutral 2 33 neutral 2 34 neutral 2 35 neutral 2 36 neutral 2 37 neutral 2 38 neutral 2 39 PLR1 2 40 neutral 2 41 neutral 2 42 neutral 2
PLR2|-->|update_map 1 neutral 2 2 PLR1 4 3 neutral 1 4 neutral 2 5 neutral 2 6 neutral 1 7 neutral 2 8 PLR1 2 9 neutral 2 10 neutral 2 11 neutral 2 12 neutral 2 13 neutral 2 14 neutral 2 15 neutral 2 16 neutral 2 17 PLR2 2 18 neutral 2 19 neutral 2 20 neutral 2 21 neutral 2 22 PLR2 5 23 neutral 2 24 neutral 2 25 neutral 2 26 neutral 2 27 neutral 2 28 neutral 2 29 PLR2 4 30 neutral 2 31 neutral 2 32 neutral 2 33 neutral 2 34 neutral 2 35 neutral 2 36 neutral 2 37 neutral 2 38 neutral 2 39 PLR1 2 40 neutral 2 41 neutral 2 42 neutral 2
PLR1|-->|opponent_moves
PLR2|-->|opponent_moves
#Engine:Round 2
PLR1|-->|go place_armies 86400000
PLR1|<--|
PLR1|<--|PLR1 place_armies 8 1,PLR1 place_armies 39 1,PLR1 place_armies 2 1,PLR1 place_armies 39 1,PLR1 place_armies 8 1,
PLR2|-->|go place_armies 86400000
PLR2|<--|PLR2 place_armies 22 1,PLR2 place_armies 29 1,PLR2 place_armies 22 1,PLR2 place_armies 17 1,PLR2 place_armies 17 1,
PLR1|-->|go attack/transfer 86400000
PLR1|<--|PLR1 attack/transfer 39 38 1,PLR1 attack/transfer 8 7 1,PLR1 attack/transfer 2 5 3,
PLR2|-->|go attack/transfer 86400000
PLR2|<--|No moves
PLR1|-->|settings starting_armies 5
PLR2|-->|settings starting_armies 5
PLR1|-->|update_map 1 neutral 2 2 PLR1 3 3 neutral 1 4 neutral 2 5 neutral 1 6 neutral 1 7 neutral 1 8 PLR1 3 9 neutral 2 10 neutral 2 11 neutral 2 12 neutral 2 13 neutral 2 14 neutral 2 15 neutral 2 16 neutral 2 17 PLR2 4 18 neutral 2 19 neutral 2 20 neutral 2 21 neutral 2 22 PLR2 7 23 neutral 2 24 neutral 2 25 neutral 2 26 neutral 2 27 neutral 2 28 neutral 2 29 PLR2 5 30 neutral 2 31 neutral 2 32 neutral 2 33 neutral 2 34 neutral 2 35 neutral 2 36 neutral 2 37 neutral 2 38 neutral 1 39 PLR1 3 40 neutral 2 41 neutral 2 42 neutral 2
PLR2|-->|update_map 1 neutral 2 2 PLR1 3 3 neutral 1 4 neutral 2 5 neutral 1 6 neutral 1 7 neutral 1 8 PLR1 3 9 neutral 2 10 neutral 2 11 neutral 2 12 neutral 2 13 neutral 2 14 neutral 2 15 neutral 2 16 neutral 2 17 PLR2 4 18 neutral 2 19 neutral 2 20 neutral 2 21 neutral 2 22 PLR2 7 23 neutral 2 24 neutral 2 25 neutral 2 26 neutral 2 27 neutral 2 28 neutral 2 29 PLR2 5 30 neutral 2 31 neutral 2 32 neutral 2 33 neutral 2 34 neutral 2 35 neutral 2 36 neutral 2 37 neutral 2 38 neutral 1 39 PLR1 3 40 neutral 2 41 neutral 2 42 neutral 2
PLR1|-->|opponent_moves
PLR2|-->|opponent_moves
#Engine:Round 3
PLR1|-->|go place_armies 86400000
PLR1|<--|
PLR1|<--|PLR1 place_armies 39 1,PLR1 place_armies 39 1,PLR1 place_armies 39 1,PLR1 place_armies 39 1,PLR1 place_armies 39 1,
PLR2|-->|go place_armies 86400000
PLR2|<--|PLR2 place_armies 17 1,PLR2 place_armies 22 1,PLR2 place_armies 17 1,PLR2 place_armies 17 1,PLR2 place_armies 29 1,
PLR1|-->|go attack/transfer 86400000
PLR1|<--|PLR1 attack/transfer 2 4 2,PLR1 attack/transfer 39 40 2,PLR1 attack/transfer 8 7 2,
PLR2|-->|go attack/transfer 86400000
PLR2|<--|PLR2 attack/transfer 22 36 5,
PLR1|-->|settings starting_armies 5
PLR2|-->|settings starting_armies 5
PLR1|-->|update_map 1 neutral 2 2 PLR1 1 3 neutral 1 4 neutral 2 5 neutral 1 6 neutral 1 7 neutral 1 8 PLR1 3 9 neutral 2 10 neutral 2 11 neutral 2 12 neutral 2 13 neutral 2 14 neutral 2 15 neutral 2 16 neutral 2 17 PLR2 7 18 neutral 2 19 neutral 2 20 neutral 2 21 neutral 2 22 PLR2 3 23 neutral 2 24 neutral 2 25 neutral 2 26 neutral 2 27 neutral 2 28 neutral 2 29 PLR2 6 30 neutral 2 31 neutral 2 32 neutral 2 33 neutral 2 34 neutral 2 35 neutral 2 36 PLR2 3 37 neutral 2 38 neutral 1 39 PLR1 6 40 neutral 2 41 neutral 2 42 neutral 2
PLR2|-->|update_map 1 neutral 2 2 PLR1 1 3 neutral 1 4 neutral 2 5 neutral 1 6 neutral 1 7 neutral 1 8 PLR1 3 9 neutral 2 10 neutral 2 11 neutral 2 12 neutral 2 13 neutral 2 14 neutral 2 15 neutral 2 16 neutral 2 17 PLR2 7 18 neutral 2 19 neutral 2 20 neutral 2 21 neutral 2 22 PLR2 3 23 neutral 2 24 neutral 2 25 neutral 2 26 neutral 2 27 neutral 2 28 neutral 2 29 PLR2 6 30 neutral 2 31 neutral 2 32 neutral 2 33 neutral 2 34 neutral 2 35 neutral 2 36 PLR2 3 37 neutral 2 38 neutral 1 39 PLR1 6 40 neutral 2 41 neutral 2 42 neutral 2
PLR1|-->|opponent_moves
PLR2|-->|opponent_moves
#Engine:Round 4
PLR1|-->|go place_armies 86400000
PLR1|<--|PLR1 place_armies 39 1,PLR1 place_armies 8 1,PLR1 place_armies 8 1,PLR1 place_armies 39 1,PLR1 place_armies 39 1,
PLR2|-->|go place_armies 86400000
PLR2|<--|PLR2 place_armies 29 1,PLR2 place_armies 22 1,PLR2 place_armies 22 1,PLR2 place_armies 29 1,PLR2 place_armies 29 1,
PLR1|-->|go attack/transfer 86400000
PLR1|<--|PLR1 attack/transfer 8 7 2,PLR1 attack/transfer 39 40 5,
PLR2|-->|go attack/transfer 86400000
PLR2|<--|
PLR2|<--|PLR2 attack/transfer 17 36 5,PLR2 attack/transfer 22 36 5,PLR2 attack/transfer 36 22 5,
PLR1|-->|settings starting_armies 5
PLR2|-->|settings starting_armies 5
PLR1|-->|update_map 1 neutral 2 2 PLR1 1 3 neutral 1 4 neutral 2 5 neutral 1 6 neutral 1 7 PLR1 1 8 PLR1 3 9 neutral 2 10 neutral 2 11 neutral 2 12 neutral 2 13 neutral 2 14 neutral 2 15 neutral 2 16 neutral 2 17 PLR2 2 18 neutral 2 19 neutral 2 20 neutral 2 21 neutral 2 22 PLR2 3 23 neutral 2 24 neutral 2 25 neutral 2 26 neutral 2 27 neutral 2 28 neutral 2 29 PLR2 9 30 neutral 2 31 neutral 2 32 neutral 2 33 neutral 2 34 neutral 2 35 neutral 2 36 PLR2 10 37 neutral 2 38 neutral 1 39 PLR1 4 40 PLR1 4 41 neutral 2 42 neutral 2
PLR2|-->|update_map 1 neutral 2 2 PLR1 1 3 neutral 1 4 neutral 2 5 neutral 1 6 neutral 1 7 PLR1 1 8 PLR1 3 9 neutral 2 10 neutral 2 11 neutral 2 12 neutral 2 13 neutral 2 14 neutral 2 15 neutral 2 16 neutral 2 17 PLR2 2 18 neutral 2 19 neutral 2 20 neutral 2 21 neutral 2 22 PLR2 3 23 neutral 2 24 neutral 2 25 neutral 2 26 neutral 2 27 neutral 2 28 neutral 2 29 PLR2 9 30 neutral 2 31 neutral 2 32 neutral 2 33 neutral 2 34 neutral 2 35 neutral 2 36 PLR2 10 37 neutral 2 38 neutral 1 39 PLR1 4 40 PLR1 4 41 neutral 2 42 neutral 2
PLR1|-->|opponent_moves
PLR2|-->|opponent_moves
#Engine:Round 5
PLR1|-->|go place_armies 86400000
PLR1|<--|
PLR1|<--|PLR1 place_armies 40 1,PLR1 place_armies 40 1,PLR1 place_armies 40 1,PLR1 place_armies 39 1,PLR1 place_armies 39 1,
PLR2|-->|go place_armies 86400000
PLR2|<--|
PLR2|<--|PLR2 place_armies 36 1,PLR2 place_armies 22 1,PLR2 place_armies 36 1,PLR2 place_armies 36 1,PLR2 place_armies 22 1,
PLR1|-->|go attack/transfer 86400000
PLR1|<--|PLR1 attack/transfer 40 42 3,PLR1 attack/transfer 39 41 3,PLR1 attack/transfer 8 6 2,
PLR2|-->|go attack/transfer 86400000
PLR2|<--|
PLR2|<--|PLR2 attack/transfer 17 36 5,PLR2 attack/transfer 22 36 5,PLR2 attack/transfer 29 28 5,PLR2 attack/transfer 36 22 5,
PLR1|-->|settings starting_armies 5
PLR2|-->|settings starting_armies 5
PLR1|-->|update_map 1 neutral 2 2 PLR1 1 3 neutral 1 4 neutral 2 5 neutral 1 6 PLR1 1 7 PLR1 1 8 PLR1 1 9 neutral 2 10 neutral 2 11 neutral 2 12 neutral 2 13 neutral 2 14 neutral 2 15 neutral 2 16 neutral 2 17 PLR2 1 18 neutral 2 19 neutral 2 20 neutral 2 21 neutral 2 22 PLR2 6 23 neutral 2 24 neutral 2 25 neutral 2 26 neutral 2 27 neutral 2 28 PLR2 3 29 PLR2 4 30 neutral 2 31 neutral 2 32 neutral 2 33 neutral 2 34 neutral 2 35 neutral 2 36 PLR2 13 37 neutral 2 38 neutral 1 39 PLR1 3 40 PLR1 6 41 PLR1 2 42 neutral 1
PLR2|-->|update_map 1 neutral 2 2 PLR1 1 3 neutral 1 4 neutral 2 5 neutral 1 6 PLR1 1 7 PLR1 1 8 PLR1 1 9 neutral 2 10 neutral 2 11 neutral 2 12 neutral 2 13 neutral 2 14 neutral 2 15 neutral 2 16 neutral 2 17 PLR2 1 18 neutral 2 19 neutral 2 20 neutral 2 21 neutral 2 22 PLR2 6 23 neutral 2 24 neutral 2 25 neutral 2 26 neutral 2 27 neutral 2 28 PLR2 3 29 PLR2 4 30 neutral 2 31 neutral 2 32 neutral 2 33 neutral 2 34 neutral 2 35 neutral 2 36 PLR2 13 37 neutral 2 38 neutral 1 39 PLR1 3 40 PLR1 6 41 PLR1 2 42 neutral 1
PLR1|-->|opponent_moves
PLR2|-->|opponent_moves
